Arguments: 
  /usr/local/bin/node /usr/local/bin/yarn start

PATH: 
  /Applications/mongodb/bin:/usr/local/bin:/usr/bin:/bin:/usr/sbin:/sbin:/usr/local/share/dotnet:/Library/Frameworks/Mono.framework/Versions/Current/Commands:/Applications/mongodb/bin:/Users/brucezhang/Library/Android/sdk/tools:/Users/brucezhang/Library/Android/sdk/platform-tools:/Users/brucezhang/Library/Android/sdk/tools:/Users/brucezhang/Library/Android/sdk/platform-tools

Yarn version: 
  1.5.1

Node version: 
  9.11.1

Platform: 
  darwin x64

npm manifest: 
  {
    "name": "restapi-with-node-express-mongodb",
    "version": "1.0.0",
    "description": "",
    "main": "index.js",
    "scripts": {
      "test": "echo \"Error: no test specified\" && exit 1"
    },
    "repository": {
      "type": "git",
      "url": "git+https://github.com/MudOnTire/restapi-with-node-express-mongodb.git"
    },
    "keywords": [],
    "author": "",
    "license": "ISC",
    "bugs": {
      "url": "https://github.com/MudOnTire/restapi-with-node-express-mongodb/issues"
    },
    "homepage": "https://github.com/MudOnTire/restapi-with-node-express-mongodb#readme",
    "dependencies": {
      "body-parser": "^1.18.3",
      "express": "^4.16.3",
      "mongoose": "^5.2.17"
    }
  }

yarn manifest: 
  No manifest

Lockfile: 
  No lockfile

Trace: 
  Error: Command "start" not found.
      at new MessageError (/usr/local/lib/node_modules/yarn/lib/cli.js:186:110)
      at /usr/local/lib/node_modules/yarn/lib/cli.js:87307:17
      at Generator.next (<anonymous>)
      at step (/usr/local/lib/node_modules/yarn/lib/cli.js:98:30)
      at /usr/local/lib/node_modules/yarn/lib/cli.js:116:14
      at new Promise (<anonymous>)
      at new F (/usr/local/lib/node_modules/yarn/lib/cli.js:23451:28)
      at /usr/local/lib/node_modules/yarn/lib/cli.js:95:12
      at runCommand (/usr/local/lib/node_modules/yarn/lib/cli.js:87312:22)
      at Object.<anonymous> (/usr/local/lib/node_modules/yarn/lib/cli.js:87412:14)
